<?xml version="1.0" encoding="UTF-8"?>
<testng-results ignored="0" total="2" passed="2" failed="0" skipped="0">
  <reporter-output>
  </reporter-output>
  <suite started-at="2026-07-10T22:40:05 EDT" name="Suite" finished-at="2026-07-10T22:40:51 EDT" duration-ms="45764">
    <groups>
    </groups>
    <test started-at="2026-07-10T22:40:05 EDT" name="Test" finished-at="2026-07-10T22:40:51 EDT" duration-ms="45764">
      <class name="testCases.TC002_LoginTest">
        <test-method is-config="true" signature="setUp(java.lang.String,java.lang.String)[pri:0, instance:testCases.TC002_LoginTest@4a94ee4]" started-at="2026-07-10T22:40:28 EDT" name="setUp" finished-at="2026-07-10T22:40:33 EDT" duration-ms="4611" status="PASS">
          <params>
            <param index="0">
              <value>
                <![CDATA[Windows]]>
              </value>
            </param>
            <param index="1">
              <value>
                <![CDATA[Chrome]]>
              </value>
            </param>
          </params>
          <reporter-output>
          </reporter-output>
        </test-method> <!-- setUp -->
        <test-method signature="verify_login()[pri:0, instance:testCases.TC002_LoginTest@4a94ee4]" started-at="2026-07-10T22:40:33 EDT" name="verify_login" finished-at="2026-07-10T22:40:51 EDT" duration-ms="18481" status="PASS">
          <reporter-output>
          </reporter-output>
        </test-method> <!-- verify_login -->
        <test-method is-config="true" signature="tearDown()[pri:0, instance:testCases.TC002_LoginTest@4a94ee4]" started-at="2026-07-10T22:40:51 EDT" name="tearDown" finished-at="2026-07-10T22:40:51 EDT" duration-ms="1" status="PASS">
          <reporter-output>
          </reporter-output>
        </test-method> <!-- tearDown -->
      </class> <!-- testCases.TC002_LoginTest -->
      <class name="testCases.TC001_AccountRegistrationTest">
        <test-method is-config="true" signature="setUp(java.lang.String,java.lang.String)[pri:0, instance:testCases.TC001_AccountRegistrationTest@3e58a80e]" started-at="2026-07-10T22:40:06 EDT" name="setUp" finished-at="2026-07-10T22:40:10 EDT" duration-ms="4962" status="PASS">
          <params>
            <param index="0">
              <value>
                <![CDATA[Windows]]>
              </value>
            </param>
            <param index="1">
              <value>
                <![CDATA[Chrome]]>
              </value>
            </param>
          </params>
          <reporter-output>
          </reporter-output>
        </test-method> <!-- setUp -->
        <test-method signature="verify_account_registration()[pri:0, instance:testCases.TC001_AccountRegistrationTest@3e58a80e]" started-at="2026-07-10T22:40:10 EDT" name="verify_account_registration" finished-at="2026-07-10T22:40:28 EDT" duration-ms="17466" status="PASS">
          <reporter-output>
          </reporter-output>
        </test-method> <!-- verify_account_registration -->
        <test-method is-config="true" signature="tearDown()[pri:0, instance:testCases.TC001_AccountRegistrationTest@3e58a80e]" started-at="2026-07-10T22:40:28 EDT" name="tearDown" finished-at="2026-07-10T22:40:28 EDT" duration-ms="185" status="PASS">
          <reporter-output>
          </reporter-output>
        </test-method> <!-- tearDown -->
      </class> <!-- testCases.TC001_AccountRegistrationTest -->
    </test> <!-- Test -->
  </suite> <!-- Suite -->
</testng-results>
